----------

Sun Nov 10 2024 14:23:59 GMT-0500 (Eastern Standard Time)

warning: LF will be replaced by CRLF in assets/bootstrap/css/bootstrap.min.css.
The file will have its original line endings in your working directory


----------

Sun Nov 10 2024 14:23:59 GMT-0500 (Eastern Standard Time)

warning: LF will be replaced by CRLF in assets/bootstrap/js/bootstrap.min.js.
The file will have its original line endings in your working directory


----------

Sun Nov 10 2024 14:23:59 GMT-0500 (Eastern Standard Time)

warning: LF will be replaced by CRLF in assets/css/bs-theme-overrides.css.
The file will have its original line endings in your working directory


----------

Sun Nov 10 2024 14:23:59 GMT-0500 (Eastern Standard Time)

warning: LF will be replaced by CRLF in assets/js/bold-and-dark.js.
The file will have its original line endings in your working directory


----------

Sun Nov 10 2024 14:23:59 GMT-0500 (Eastern Standard Time)

warning: LF will be replaced by CRLF in index.html.
The file will have its original line endings in your working directory


----------

Sun Nov 10 2024 14:23:59 GMT-0500 (Eastern Standard Time)

warning: LF will be replaced by CRLF in projects.html.
The file will have its original line endings in your working directory


----------

Sun Nov 10 2024 14:23:59 GMT-0500 (Eastern Standard Time)

warning: LF will be replaced by CRLF in research.html.
The file will have its original line endings in your working directory


----------

Sun Nov 10 2024 14:23:59 GMT-0500 (Eastern Standard Time)

warning: LF will be replaced by CRLF in teaching.html.
The file will have its original line endings in your working directory


----------

Sun Nov 10 2024 14:24:01 GMT-0500 (Eastern Standard Time)

To https://github.com/zurieljoven/zurieljoven.github.io.git
   fe062eb..930e0a9  main -> main


----------

Sun Nov 10 2024 14:26:33 GMT-0500 (Eastern Standard Time)

To https://github.com/zurieljoven/zurieljoven.github.io.git
   930e0a9..ff8d3fd  main -> main


----------

Sun Nov 10 2024 14:27:39 GMT-0500 (Eastern Standard Time)

Everything up-to-date


----------

Sun Nov 10 2024 14:28:13 GMT-0500 (Eastern Standard Time)

To https://github.com/zurieljoven/zurieljoven.github.io.git
   4f44fee..3c9b385  main -> main


